Using pre-set license
Built from '2021.3/release' branch; Version is '2021.3.12f1 (8af3c3e441b1) revision 9106371'; Using compiler version '192829333'; Build Type 'Release'
OS: 'Windows 10  (10.0.19044) 64bit ProfessionalWorkstation' Language: 'en' Physical Memory: 32674 MB
BatchMode: 1, IsHumanControllingUs: 0, StartBugReporterOnCrash: 0, Is64bit: 1, IsPro: 1

COMMAND LINE ARGUMENTS:
C:\Program Files\Unity\Hub\Editor\2021.3.12f1\Editor\Unity.exe
-adb2
-batchMode
-noUpm
-name
AssetImportWorker0
-projectPath
C:/Users/Dylan Nguyen/Desktop/JimmyPants
-logFile
Logs/AssetImportWorker0.log
-srvPort
56056
Successfully changed project path to: C:/Users/Dylan Nguyen/Desktop/JimmyPants
C:/Users/Dylan Nguyen/Desktop/JimmyPants
[UnityMemory] Configuration Parameters - Can be set up in boot.config
    "memorysetup-bucket-allocator-granularity=16"
    "memorysetup-bucket-allocator-bucket-count=8"
    "memorysetup-bucket-allocator-block-size=33554432"
    "memorysetup-bucket-allocator-block-count=8"
    "memorysetup-main-allocator-block-size=16777216"
    "memorysetup-thread-allocator-block-size=16777216"
    "memorysetup-gfx-main-allocator-block-size=16777216"
    "memorysetup-gfx-thread-allocator-block-size=16777216"
    "memorysetup-cache-allocator-block-size=4194304"
    "memorysetup-typetree-allocator-block-size=2097152"
    "memorysetup-profiler-bucket-allocator-granularity=16"
    "memorysetup-profiler-bucket-allocator-bucket-count=8"
    "memorysetup-profiler-bucket-allocator-block-size=33554432"
    "memorysetup-profiler-bucket-allocator-block-count=8"
    "memorysetup-profiler-allocator-block-size=16777216"
    "memorysetup-profiler-editor-allocator-block-size=1048576"
    "memorysetup-temp-allocator-size-main=16777216"
    "memorysetup-job-temp-allocator-block-size=2097152"
    "memorysetup-job-temp-allocator-block-size-background=1048576"
    "memorysetup-job-temp-allocator-reduction-small-platforms=262144"
    "memorysetup-temp-allocator-size-background-worker=32768"
    "memorysetup-temp-allocator-size-job-worker=262144"
    "memorysetup-temp-allocator-size-preload-manager=33554432"
    "memorysetup-temp-allocator-size-nav-mesh-worker=65536"
    "memorysetup-temp-allocator-size-audio-worker=65536"
    "memorysetup-temp-allocator-size-cloud-worker=32768"
    "memorysetup-temp-allocator-size-gi-baking-worker=262144"
    "memorysetup-temp-allocator-size-gfx=262144"
Refreshing native plugins compatible for Editor in 47.90 ms, found 3 plugins.
Preloading 0 native plugins for Editor in 0.00 ms.
Initialize engine version: 2021.3.12f1 (8af3c3e441b1)
[Subsystems] Discovering subsystems at path C:/Program Files/Unity/Hub/Editor/2021.3.12f1/Editor/Data/Resources/UnitySubsystems
[Subsystems] Discovering subsystems at path C:/Users/Dylan Nguyen/Desktop/JimmyPants/Assets
GfxDevice: creating device client; threaded=0; jobified=0
Direct3D:
    Version:  Direct3D 11.0 [level 11.1]
    Renderer: NVIDIA GeForce GTX 1070 Ti (ID=0x1b82)
    Vendor:   NVIDIA
    VRAM:     8079 MB
    Driver:   30.0.14.7212
Initialize mono
Mono path[0] = 'C:/Program Files/Unity/Hub/Editor/2021.3.12f1/Editor/Data/Managed'
Mono path[1] = 'C:/Program Files/Unity/Hub/Editor/2021.3.12f1/Editor/Data/MonoBleedingEdge/lib/mono/unityjit-win32'
Mono config path = 'C:/Program Files/Unity/Hub/Editor/2021.3.12f1/Editor/Data/MonoBleedingEdge/etc'
Using monoOptions --debugger-agent=transport=dt_socket,embedding=1,server=y,suspend=n,address=127.0.0.1:56248
Begin MonoManager ReloadAssembly
Registering precompiled unity dll's ...
Register platform support module: C:/Program Files/Unity/Hub/Editor/2021.3.12f1/Editor/Data/PlaybackEngines/WindowsStandaloneSupport/UnityEditor.WindowsStandalone.Extensions.dll
Registered in 0.007703 seconds.
Native extension for WindowsStandalone target not found
Refreshing native plugins compatible for Editor in 41.72 ms, found 3 plugins.
Preloading 0 native plugins for Editor in 0.00 ms.
Mono: successfully reloaded assembly
- Completed reload, in  0.559 seconds
Domain Reload Profiling:
	ReloadAssembly (560ms)
		BeginReloadAssembly (71ms)
			ExecutionOrderSort (0ms)
			DisableScriptedObjects (0ms)
			BackupInstance (0ms)
			ReleaseScriptingObjects (0ms)
			CreateAndSetChildDomain (1ms)
		EndReloadAssembly (381ms)
			LoadAssemblies (68ms)
			RebuildTransferFunctionScriptingTraits (0ms)
			SetupTypeCache (88ms)
			ReleaseScriptCaches (0ms)
			RebuildScriptCaches (24ms)
			SetupLoadedEditorAssemblies (221ms)
				LogAssemblyErrors (0ms)
				InitializePlatformSupportModulesInManaged (7ms)
				SetLoadedEditorAssemblies (0ms)
				RefreshPlugins (42ms)
				BeforeProcessingInitializeOnLoad (2ms)
				ProcessInitializeOnLoadAttributes (122ms)
				ProcessInitializeOnLoadMethodAttributes (48ms)
				AfterProcessingInitializeOnLoad (0ms)
				EditorAssembliesLoaded (0ms)
			ExecutionOrderSort2 (0ms)
			AwakeInstancesAfterBackupRestoration (0ms)
Platform modules already initialized, skipping
Registering precompiled user dll's ...
Registered in 0.006625 seconds.
Begin MonoManager ReloadAssembly
Native extension for WindowsStandalone target not found
Refreshing native plugins compatible for Editor in 46.34 ms, found 3 plugins.
Preloading 0 native plugins for Editor in 0.00 ms.
Mono: successfully reloaded assembly
- Completed reload, in  0.940 seconds
Domain Reload Profiling:
	ReloadAssembly (941ms)
		BeginReloadAssembly (105ms)
			ExecutionOrderSort (0ms)
			DisableScriptedObjects (6ms)
			BackupInstance (0ms)
			ReleaseScriptingObjects (0ms)
			CreateAndSetChildDomain (20ms)
		EndReloadAssembly (733ms)
			LoadAssemblies (81ms)
			RebuildTransferFunctionScriptingTraits (0ms)
			SetupTypeCache (177ms)
			ReleaseScriptCaches (1ms)
			RebuildScriptCaches (46ms)
			SetupLoadedEditorAssemblies (389ms)
				LogAssemblyErrors (0ms)
				InitializePlatformSupportModulesInManaged (4ms)
				SetLoadedEditorAssemblies (0ms)
				RefreshPlugins (46ms)
				BeforeProcessingInitializeOnLoad (73ms)
				ProcessInitializeOnLoadAttributes (207ms)
				ProcessInitializeOnLoadMethodAttributes (48ms)
				AfterProcessingInitializeOnLoad (10ms)
				EditorAssembliesLoaded (0ms)
			ExecutionOrderSort2 (0ms)
			AwakeInstancesAfterBackupRestoration (5ms)
Platform modules already initialized, skipping
========================================================================
Worker process is ready to serve import requests
Launched and connected shader compiler UnityShaderCompiler.exe after 0.05 seconds
Refreshing native plugins compatible for Editor in 0.95 ms, found 3 plugins.
Preloading 0 native plugins for Editor in 0.00 ms.
Unloading 2534 Unused Serialized files (Serialized files now loaded: 0)
Unloading 39 unused Assets / (229.1 KB). Loaded Objects now: 2989.
Memory consumption went from 115.4 MB to 115.2 MB.
Total: 3.489600 ms (FindLiveObjects: 0.213200 ms CreateObjectMapping: 0.101500 ms MarkObjects: 2.998000 ms  DeleteObjects: 0.175900 ms)

AssetImportParameters requested are different than current active one (requested -> active):
  custom:video-decoder-ogg-theora: a1e56fd34408186e4bbccfd4996cb3dc -> 
  custom:container-muxer-webm: aa71ff27fc2769a1b78a27578f13a17b -> 
  custom:container-demuxer-webm: 4f35f7cbe854078d1ac9338744f61a02 -> 
  custom:video-encoder-webm-vp8: eb34c28f22e8b96e1ab97ce403110664 -> 
  custom:audio-encoder-webm-vorbis: bf7c407c2cedff20999df2af8eb42d56 -> 
  custom:framework-win-MediaFoundation: 216162199b28c13a410421893ffa2e32 -> 
  custom:container-demuxer-ogg: 62fdf1f143b41e24485cea50d1cbac27 -> 
  custom:video-decoder-webm-vp8: 9c59270c3fd7afecdb556c50c9e8de78 -> 
  custom:audio-decoder-ogg-vorbis: bf7c407c2cedff20999df2af8eb42d56 -> 
========================================================================
Received Import Request.
  Time since last request: 519381.821274 seconds.
  path: Assets/Scenes/Start Screen.unity
  artifactKey: Guid(4918fee7969aa5744954a7fd08cc7f63) Importer(815301076,1909f56bfc062723c751e8b465ee728b)
Start importing Assets/Scenes/Start Screen.unity using Guid(4918fee7969aa5744954a7fd08cc7f63) Importer(815301076,1909f56bfc062723c751e8b465ee728b)  -> (artifact id: '623af5cd0dad48f480d5380f2a743cbb') in 0.006338 seconds 
========================================================================
Received Import Request.
  Time since last request: 0.000013 seconds.
  path: Assets/Scenes/StartScreen.unity
  artifactKey: Guid(c74f43693ec93f74095e7bdc9f972d8f) Importer(815301076,1909f56bfc062723c751e8b465ee728b)
Start importing Assets/Scenes/StartScreen.unity using Guid(c74f43693ec93f74095e7bdc9f972d8f) Importer(815301076,1909f56bfc062723c751e8b465ee728b)  -> (artifact id: '2dce672d2a4f6bef8b8b91303c402dfa') in 0.002106 seconds 
========================================================================
Received Import Request.
  Time since last request: 0.597573 seconds.
  path: Assets/Scenes/SampleScene.unity
  artifactKey: Guid(2cda990e2423bbf4892e6590ba056729) Importer(815301076,1909f56bfc062723c751e8b465ee728b)
Start importing Assets/Scenes/SampleScene.unity using Guid(2cda990e2423bbf4892e6590ba056729) Importer(815301076,1909f56bfc062723c751e8b465ee728b)  -> (artifact id: '91450fb869e72127daf83c4856a35e2d') in 0.002198 seconds 
========================================================================
Received Import Request.
  Time since last request: 139.509118 seconds.
  path: Assets/Scripts/CameraController.cs
  artifactKey: Guid(07280e02ce41ec04aa6b86c466a08117) Importer(815301076,1909f56bfc062723c751e8b465ee728b)
Start importing Assets/Scripts/CameraController.cs using Guid(07280e02ce41ec04aa6b86c466a08117) Importer(815301076,1909f56bfc062723c751e8b465ee728b)  -> (artifact id: '7abc9f2f3be430efe94271e4afe825cd') in 0.027037 seconds 
========================================================================
Received Import Request.
  Time since last request: 0.859408 seconds.
  path: Assets/Scripts/StartMenu.cs
  artifactKey: Guid(c3113483fd80d4341bbe78ba2f72ecb7) Importer(815301076,1909f56bfc062723c751e8b465ee728b)
Start importing Assets/Scripts/StartMenu.cs using Guid(c3113483fd80d4341bbe78ba2f72ecb7) Importer(815301076,1909f56bfc062723c751e8b465ee728b)  -> (artifact id: 'a92d0343578e9b5a327031d08c7230e6') in 0.001910 seconds 
========================================================================
Received Import Request.
  Time since last request: 0.893838 seconds.
  path: Assets/Scripts/GameStateManager.cs
  artifactKey: Guid(f4774643f770dd64c82a84332c55a7bd) Importer(815301076,1909f56bfc062723c751e8b465ee728b)
Start importing Assets/Scripts/GameStateManager.cs using Guid(f4774643f770dd64c82a84332c55a7bd) Importer(815301076,1909f56bfc062723c751e8b465ee728b)  -> (artifact id: '435f1ac63a796ed47f7b1b997c125293') in 0.002493 seconds 
========================================================================
Received Import Request.
  Time since last request: 14.619688 seconds.
  path: Assets/Scripts/MenuManager.cs
  artifactKey: Guid(eaa6056dd3c65424385806e63e00144b) Importer(815301076,1909f56bfc062723c751e8b465ee728b)
Start importing Assets/Scripts/MenuManager.cs using Guid(eaa6056dd3c65424385806e63e00144b) Importer(815301076,1909f56bfc062723c751e8b465ee728b)  -> (artifact id: '730f2ff099418ccb1bc702d8ba326a7f') in 0.001801 seconds 
========================================================================
Received Import Request.
  Time since last request: 0.691568 seconds.
  path: Assets/Scripts/PlayerController.cs
  artifactKey: Guid(b80f847b4fc4a2c49880c22a1e8a6eac) Importer(815301076,1909f56bfc062723c751e8b465ee728b)
Start importing Assets/Scripts/PlayerController.cs using Guid(b80f847b4fc4a2c49880c22a1e8a6eac) Importer(815301076,1909f56bfc062723c751e8b465ee728b)  -> (artifact id: '5d53aa45dff25d3d6a47b399e684c425') in 0.001815 seconds 
========================================================================
Received Import Request.
  Time since last request: 9.676619 seconds.
  path: Assets/Scripts/Collectibles.cs
  artifactKey: Guid(5d40b1554306c9a4ba5a0b7fc6e644e4) Importer(815301076,1909f56bfc062723c751e8b465ee728b)
Start importing Assets/Scripts/Collectibles.cs using Guid(5d40b1554306c9a4ba5a0b7fc6e644e4) Importer(815301076,1909f56bfc062723c751e8b465ee728b)  -> (artifact id: '5529e778bebeeac305e07472c74e9f56') in 0.001862 seconds 
========================================================================
Received Import Request.
  Time since last request: 5.180391 seconds.
  path: Assets/Scripts/EnemyMovement.cs
  artifactKey: Guid(53e4f87dd15165e47b53176dc4371a6e) Importer(815301076,1909f56bfc062723c751e8b465ee728b)
Start importing Assets/Scripts/EnemyMovement.cs using Guid(53e4f87dd15165e47b53176dc4371a6e) Importer(815301076,1909f56bfc062723c751e8b465ee728b)  -> (artifact id: '1f34db4b3ca17425d7ec732b5b0ae7ea') in 0.002021 seconds 
